{"name": "Проверка ответа о создании заказа на запрос с указанными ингредиентами неаутентифицированным юзером", "status": "failed", "statusDetails": {"message": "AssertionError: assert (400 == 200)\n +  where 400 = <Response [400]>.status_code", "trace": "self = <test_create_order.TestCreateOrder object at 0x000001C7D41DCAD0>\nburger_ingredients = ['61c0c5a71d1f82001bdaaa73', '61c0c5a71d1f82001bdaaa6c', '61c0c5a71d1f82001bdaaa76', '61c0c5a71d1f82001bdaaa79']\n\n    @allure.title('Проверка ответа о создании заказа на запрос с указанными ингредиентами неаутентифицированным юзером')\n    @allure.description('С помощью параметризации выполняем два теста: по очереди отправляем запросы '\n                        'с разными наборами ингредиентов в бургере. Токен аккаунта не передается.')\n    @pytest.mark.parametrize('burger_ingredients', [IngredientData.burger_1, IngredientData.burger_2])\n    def test_create_order_unauthenticated_user_success(self, burger_ingredients):\n        payload = {'ingredients': [burger_ingredients]}\n        response = requests.post(Urls.order_create, data=payload, headers=Urls.headers)\n>       assert response.status_code == 200 and response.json()[\"success\"] is True\nE       assert (400 == 200)\nE        +  where 400 = <Response [400]>.status_code\n\ntests\\test_create_order.py:28: AssertionError"}, "description": "С помощью параметризации выполняем два теста: по очереди отправляем запросы с разными наборами ингредиентов в бургере. Токен аккаунта не передается.", "parameters": [{"name": "burger_ingredients", "value": "['61c0c5a71d1f82001bdaaa73', '61c0c5a71d1f82001bdaaa6c', '61c0c5a71d1f82001bdaaa76', '61c0c5a71d1f82001bdaaa79']"}], "start": 1718506680919, "stop": 1718506681200, "uuid": "9061c3e0-e5da-4c53-9c15-a59fbb71259f", "historyId": "bee35cce29ffa9af17546a44e44f2c41", "testCaseId": "2d47242504ae801ac6c7f7d111f19db1", "fullName": "tests.test_create_order.TestCreateOrder#test_create_order_unauthenticated_user_success", "labels": [{"name": "parentSuite", "value": "tests"}, {"name": "suite", "value": "test_create_order"}, {"name": "subSuite", "value": "TestCreateOrder"}, {"name": "host", "value": "LAPTOP-0911SMBB"}, {"name": "thread", "value": "3752-MainThread"}, {"name": "framework", "value": "pytest"}, {"name": "language", "value": "cpython3"}, {"name": "package", "value": "tests.test_create_order"}]}